{"body":"{\"joao\":\"Prado\"}","ip":"::1","level":"info","message":"Iniciando requisição: POST /codes/20segundos","requestId":"fa127d41-0328-494f-b3a0-4df2f48dc468","timestamp":"2024-01-06 11:57:16"}
{"body":"{}","ip":"::1","level":"info","message":"Iniciando requisição: POST /front/statusmon","requestId":"934deab7-438b-4589-a0dc-e5030565ef10","timestamp":"2024-01-06 13:47:30"}
{"duration":209,"level":"info","message":"Requisição finalizada: POST /front/statusmon - Status Code: 200 - 209ms","requestId":"934deab7-438b-4589-a0dc-e5030565ef10","statusCode":200,"timestamp":"2024-01-06 13:47:31"}
{"body":"{}","ip":"::1","level":"info","message":"Iniciando requisição: POST /front/statusmon","requestId":"17c1513e-7eb3-4fc0-a455-a71712259487","timestamp":"2024-01-06 13:48:53"}
{"duration":156,"level":"info","message":"Requisição finalizada: POST /front/statusmon - Status Code: 200 - 156ms","requestId":"17c1513e-7eb3-4fc0-a455-a71712259487","statusCode":200,"timestamp":"2024-01-06 13:48:53"}
{"body":"{}","ip":"::1","level":"info","message":"Iniciando requisição: POST /front/statusmon","requestId":"d40474c9-d340-4829-8098-b78f56ff33ef","timestamp":"2024-01-06 13:50:39"}
{"duration":128,"level":"info","message":"Requisição finalizada: POST /front/statusmon - Status Code: 200 - 128ms","requestId":"d40474c9-d340-4829-8098-b78f56ff33ef","statusCode":200,"timestamp":"2024-01-06 13:50:39"}
{"body":"{}","ip":"::1","level":"info","message":"Iniciando requisição: POST /front/statusmon","requestId":"27268851-fb62-4dba-9b9f-fcfdb73cb393","timestamp":"2024-01-06 13:51:55"}
{"duration":157,"level":"info","message":"Requisição finalizada: POST /front/statusmon - Status Code: 200 - 157ms","requestId":"27268851-fb62-4dba-9b9f-fcfdb73cb393","statusCode":200,"timestamp":"2024-01-06 13:51:55"}
{"body":"{}","ip":"::1","level":"info","message":"Iniciando requisição: POST /front/statusmon","requestId":"a23fbc66-314a-4915-88a4-5db67713a135","timestamp":"2024-01-06 13:51:58"}
{"duration":189,"level":"info","message":"Requisição finalizada: POST /front/statusmon - Status Code: 200 - 189ms","requestId":"a23fbc66-314a-4915-88a4-5db67713a135","statusCode":200,"timestamp":"2024-01-06 13:51:58"}
{"body":"{}","ip":"::1","level":"info","message":"Iniciando requisição: POST /front/statusmon","requestId":"a45e6fb7-9ff8-4a71-8939-557070fc1d47","timestamp":"2024-01-06 13:52:38"}
{"duration":184,"level":"info","message":"Requisição finalizada: POST /front/statusmon - Status Code: 200 - 184ms","requestId":"a45e6fb7-9ff8-4a71-8939-557070fc1d47","statusCode":200,"timestamp":"2024-01-06 13:52:38"}
{"body":"{}","ip":"::1","level":"info","message":"Iniciando requisição: POST /front/statusmon","requestId":"ab36c4ae-b7c4-407c-8ae2-0d37924926b9","timestamp":"2024-01-06 13:52:59"}
{"duration":106,"level":"info","message":"Requisição finalizada: POST /front/statusmon - Status Code: 200 - 106ms","requestId":"ab36c4ae-b7c4-407c-8ae2-0d37924926b9","statusCode":200,"timestamp":"2024-01-06 13:52:59"}
{"body":"{}","ip":"::1","level":"info","message":"Iniciando requisição: POST /front/statusmon","requestId":"3592bcdc-3547-4bbf-9fbd-8e4acbe35db4","timestamp":"2024-01-06 13:53:11"}
{"duration":148,"level":"info","message":"Requisição finalizada: POST /front/statusmon - Status Code: 200 - 148ms","requestId":"3592bcdc-3547-4bbf-9fbd-8e4acbe35db4","statusCode":200,"timestamp":"2024-01-06 13:53:11"}
{"body":"{\"token\":\"23casajoaopradovaiumtokendeautenticacai\"}","ip":"::1","level":"info","message":"Iniciando requisição: POST /front/valida_op","requestId":"d5a931d5-075b-4cd2-9edb-1940e09399cb","timestamp":"2024-01-06 14:02:21"}
{"duration":11,"level":"info","message":"Requisição finalizada: POST /front/valida_op - Status Code: 404 - 11ms","requestId":"d5a931d5-075b-4cd2-9edb-1940e09399cb","statusCode":404,"timestamp":"2024-01-06 14:02:21"}
{"body":"{\"token\":\"23casajoaopradovaiumtokendeautenticacai\"}","ip":"::1","level":"info","message":"Iniciando requisição: POST /front/valida_op","requestId":"8cbd43a0-86a2-422c-9db2-288fc6423c42","timestamp":"2024-01-06 14:02:39"}
{"duration":4,"level":"info","message":"Requisição finalizada: POST /front/valida_op - Status Code: 404 - 4ms","requestId":"8cbd43a0-86a2-422c-9db2-288fc6423c42","statusCode":404,"timestamp":"2024-01-06 14:02:39"}
{"body":"{\"token\":\"23casajoaopradovaiumtokendeautenticacai\"}","ip":"::1","level":"info","message":"Iniciando requisição: POST /front/valida_op","requestId":"4c218ee2-f974-4d66-90a6-19ddda429c32","timestamp":"2024-01-06 14:02:49"}
{"duration":3,"level":"info","message":"Requisição finalizada: POST /front/valida_op - Status Code: 404 - 3ms","requestId":"4c218ee2-f974-4d66-90a6-19ddda429c32","statusCode":404,"timestamp":"2024-01-06 14:02:49"}
{"body":"{\"token\":\"23casajoaopradovaiumtokendeautenticacai\"}","ip":"::1","level":"info","message":"Iniciando requisição: POST /front/valida_op","requestId":"a4dbba99-3eb2-42cf-8559-92e4799bb7e6","timestamp":"2024-01-06 14:04:03"}
{"duration":3,"level":"info","message":"Requisição finalizada: POST /front/valida_op - Status Code: 404 - 3ms","requestId":"a4dbba99-3eb2-42cf-8559-92e4799bb7e6","statusCode":404,"timestamp":"2024-01-06 14:04:03"}
{"body":"{\"token\":\"23casajoaopradovaiumtokendeautenticacai\"}","ip":"::1","level":"info","message":"Iniciando requisição: POST /front/valida_op","requestId":"d84c17eb-7449-4046-b1a2-794facd462b2","timestamp":"2024-01-06 14:04:08"}
{"duration":4,"level":"info","message":"Requisição finalizada: POST /front/valida_op - Status Code: 404 - 4ms","requestId":"d84c17eb-7449-4046-b1a2-794facd462b2","statusCode":404,"timestamp":"2024-01-06 14:04:08"}
{"body":"{\"token\":\"23casajoaopradovaiumtokendeautenticacai\"}","ip":"::1","level":"info","message":"Iniciando requisição: POST /front/valida_op","requestId":"36fdcd3d-8bb2-4400-9c54-fe9301603196","timestamp":"2024-01-06 14:04:17"}
{"duration":4,"level":"info","message":"Requisição finalizada: POST /front/valida_op - Status Code: 404 - 4ms","requestId":"36fdcd3d-8bb2-4400-9c54-fe9301603196","statusCode":404,"timestamp":"2024-01-06 14:04:17"}
{"body":"{\"token\":\"23casajoaopradovaiumtokendeautenticacai\"}","ip":"::1","level":"info","message":"Iniciando requisição: POST /front/valida_opa","requestId":"4cfc67d5-522a-465f-852a-da493d8674d6","timestamp":"2024-01-06 14:04:50"}
{"duration":643,"level":"info","message":"Requisição finalizada: POST /front/valida_opa - Status Code: 200 - 643ms","requestId":"4cfc67d5-522a-465f-852a-da493d8674d6","statusCode":200,"timestamp":"2024-01-06 14:04:50"}
{"body":"{\"token\":\"23casajoaopradovaiumtokendeautenticacai\"}","ip":"::1","level":"info","message":"Iniciando requisição: POST /front/valida_opa","requestId":"dbb553f3-38f1-47b2-a320-e3eda82c363c","timestamp":"2024-01-06 14:05:05"}
{"duration":985,"level":"info","message":"Requisição finalizada: POST /front/valida_opa - Status Code: 200 - 985ms","requestId":"dbb553f3-38f1-47b2-a320-e3eda82c363c","statusCode":200,"timestamp":"2024-01-06 14:05:06"}
{"body":"{\"token\":\"23casajoaopradovaiumtokendeautenticacai\"}","ip":"::1","level":"info","message":"Iniciando requisição: POST /front/valida_opa","requestId":"923f0da7-db3c-4671-b58f-a48c74e86420","timestamp":"2024-01-06 14:06:07"}
{"duration":1142,"level":"info","message":"Requisição finalizada: POST /front/valida_opa - Status Code: 200 - 1142ms","requestId":"923f0da7-db3c-4671-b58f-a48c74e86420","statusCode":200,"timestamp":"2024-01-06 14:06:08"}
{"body":"{\"token\":\"23casajoaopradovaiumtokendeautenticacai\"}","ip":"::1","level":"info","message":"Iniciando requisição: POST /front/valida_opa","requestId":"02e31d14-eacb-458a-bba6-9959fa77d332","timestamp":"2024-01-06 14:07:09"}
{"duration":877,"level":"info","message":"Requisição finalizada: POST /front/valida_opa - Status Code: 200 - 877ms","requestId":"02e31d14-eacb-458a-bba6-9959fa77d332","statusCode":200,"timestamp":"2024-01-06 14:07:10"}
{"body":"{\"token\":\"23casajoaopradovaiumtokendeautenticacai\"}","ip":"::1","level":"info","message":"Iniciando requisição: POST /front/valida_opa","requestId":"be0f3698-7f95-42b4-9b9b-b242cb640b66","timestamp":"2024-01-06 14:12:17"}
{"duration":735,"level":"info","message":"Requisição finalizada: POST /front/valida_opa - Status Code: 200 - 735ms","requestId":"be0f3698-7f95-42b4-9b9b-b242cb640b66","statusCode":200,"timestamp":"2024-01-06 14:12:17"}
{"body":"{\"token\":\"23casajoaopradovaiumtokendeautenticacai\"}","ip":"::1","level":"info","message":"Iniciando requisição: POST /front/valida_opa","requestId":"44db520a-a933-43f0-bf99-113297391971","timestamp":"2024-01-06 14:12:22"}
{"duration":554,"level":"info","message":"Requisição finalizada: POST /front/valida_opa - Status Code: 200 - 554ms","requestId":"44db520a-a933-43f0-bf99-113297391971","statusCode":200,"timestamp":"2024-01-06 14:12:22"}
{"body":"{\"token\":\"23casajoaopradovaiumtokendeautenticacai\"}","ip":"::1","level":"info","message":"Iniciando requisição: POST /front/valida_opa","requestId":"e993f62b-279f-4408-94ec-4e04916d10e3","timestamp":"2024-01-06 14:12:31"}
{"duration":496,"level":"info","message":"Requisição finalizada: POST /front/valida_opa - Status Code: 200 - 496ms","requestId":"e993f62b-279f-4408-94ec-4e04916d10e3","statusCode":200,"timestamp":"2024-01-06 14:12:31"}
{"body":"{\"token\":\"23casajoaopradovaiumtokendeautenticacai\"}","ip":"::1","level":"info","message":"Iniciando requisição: POST /front/valida_op","requestId":"f0515e7c-5782-42d8-aba1-9056785d40a5","timestamp":"2024-01-06 14:15:18"}
{"duration":4,"level":"info","message":"Requisição finalizada: POST /front/valida_op - Status Code: 404 - 4ms","requestId":"f0515e7c-5782-42d8-aba1-9056785d40a5","statusCode":404,"timestamp":"2024-01-06 14:15:18"}
{"body":"{\"token\":\"23casajoaopradovaiumtokendeautenticacai\"}","ip":"::1","level":"info","message":"Iniciando requisição: POST /front/valida_op","requestId":"7c25fc84-d390-4817-8ef2-f5fcd0051960","timestamp":"2024-01-06 14:15:24"}
{"duration":4,"level":"info","message":"Requisição finalizada: POST /front/valida_op - Status Code: 404 - 4ms","requestId":"7c25fc84-d390-4817-8ef2-f5fcd0051960","statusCode":404,"timestamp":"2024-01-06 14:15:24"}
{"body":"{\"token\":\"23casajoaopradovaiumtokendeautenticacai\"}","ip":"::1","level":"info","message":"Iniciando requisição: POST /front/valida_opa","requestId":"c6ad80bd-6f6e-4c29-81f3-005af00a5342","timestamp":"2024-01-06 14:15:33"}
{"duration":829,"level":"info","message":"Requisição finalizada: POST /front/valida_opa - Status Code: 200 - 829ms","requestId":"c6ad80bd-6f6e-4c29-81f3-005af00a5342","statusCode":200,"timestamp":"2024-01-06 14:15:33"}
{"body":"{\"token\":\"23casajoaopradovaiumtokendeautenticacai\"}","ip":"::1","level":"info","message":"Iniciando requisição: POST /front/valida_opa","requestId":"a56a50a7-56b7-4d38-ab16-7bb55e8c1348","timestamp":"2024-01-06 14:16:26"}
{"duration":513,"level":"info","message":"Requisição finalizada: POST /front/valida_opa - Status Code: 200 - 513ms","requestId":"a56a50a7-56b7-4d38-ab16-7bb55e8c1348","statusCode":200,"timestamp":"2024-01-06 14:16:26"}
{"body":"{\"token\":\"23casajoaopradovaiumtokendeautenticacai\"}","ip":"::1","level":"info","message":"Iniciando requisição: POST /front/valida_opa","requestId":"fbe415d5-850d-482d-8757-f9a9e09bdecf","timestamp":"2024-01-06 14:16:45"}
{"duration":496,"level":"info","message":"Requisição finalizada: POST /front/valida_opa - Status Code: 200 - 496ms","requestId":"fbe415d5-850d-482d-8757-f9a9e09bdecf","statusCode":200,"timestamp":"2024-01-06 14:16:46"}
{"body":"{}","ip":"::1","level":"info","message":"Iniciando requisição: GET /python-processes","requestId":"6f013bb1-70da-4c9f-b1c0-722ef3ff5c0a","timestamp":"2024-01-06 14:16:46"}
{"duration":2589,"level":"info","message":"Requisição finalizada: GET /python-processes - Status Code: 200 - 2589ms","requestId":"6f013bb1-70da-4c9f-b1c0-722ef3ff5c0a","statusCode":200,"timestamp":"2024-01-06 14:16:48"}
{"body":"{\"token\":\"23casajoaopradovaiumtokendeautenticacai\"}","ip":"::1","level":"info","message":"Iniciando requisição: POST /front/valida_opa","requestId":"2c7450ba-e66c-4a4f-9944-8547dae0478c","timestamp":"2024-01-06 14:16:54"}
{"duration":488,"level":"info","message":"Requisição finalizada: POST /front/valida_opa - Status Code: 200 - 488ms","requestId":"2c7450ba-e66c-4a4f-9944-8547dae0478c","statusCode":200,"timestamp":"2024-01-06 14:16:55"}
{"body":"{\"token\":\"23casajoaopradovaiumtokendeautenticacai\"}","ip":"::1","level":"info","message":"Iniciando requisição: POST /front/valida_opa","requestId":"19d34511-51e3-4985-bcdc-6ccc2440954f","timestamp":"2024-01-06 14:16:59"}
{"duration":734,"level":"info","message":"Requisição finalizada: POST /front/valida_opa - Status Code: 200 - 734ms","requestId":"19d34511-51e3-4985-bcdc-6ccc2440954f","statusCode":200,"timestamp":"2024-01-06 14:17:00"}
{"body":"{\"token\":\"23casajoaopradovaiumtokendeautenticacai\"}","ip":"::1","level":"info","message":"Iniciando requisição: POST /front/valida_opa","requestId":"56b85536-be29-4e8e-b5b0-170df630b859","timestamp":"2024-01-06 14:17:41"}
{"duration":454,"level":"info","message":"Requisição finalizada: POST /front/valida_opa - Status Code: 200 - 454ms","requestId":"56b85536-be29-4e8e-b5b0-170df630b859","statusCode":200,"timestamp":"2024-01-06 14:17:42"}
{"body":"{\"token\":\"23casajoaopradovaiumtokendeautenticacai\"}","ip":"::1","level":"info","message":"Iniciando requisição: POST /front/valida_opa","requestId":"4b33fe77-65a9-401d-b418-6507faa3054f","timestamp":"2024-01-06 14:17:43"}
{"duration":445,"level":"info","message":"Requisição finalizada: POST /front/valida_opa - Status Code: 200 - 445ms","requestId":"4b33fe77-65a9-401d-b418-6507faa3054f","statusCode":200,"timestamp":"2024-01-06 14:17:43"}
{"body":"{\"token\":\"23casajoaopradovaiumtokendeautenticacai\"}","ip":"::1","level":"info","message":"Iniciando requisição: POST /front/valida_opa","requestId":"dfae28d7-9226-41bc-a63c-5c5c011f1afc","timestamp":"2024-01-06 14:17:45"}
{"duration":690,"level":"info","message":"Requisição finalizada: POST /front/valida_opa - Status Code: 200 - 690ms","requestId":"dfae28d7-9226-41bc-a63c-5c5c011f1afc","statusCode":200,"timestamp":"2024-01-06 14:17:45"}
{"body":"{}","ip":"::1","level":"info","message":"Iniciando requisição: GET /python-processes","requestId":"a6911c57-2fb4-4cbe-a924-befd30fa1725","timestamp":"2024-01-06 14:17:45"}
{"duration":1136,"level":"info","message":"Requisição finalizada: GET /python-processes - Status Code: 304 - 1136ms","requestId":"a6911c57-2fb4-4cbe-a924-befd30fa1725","statusCode":304,"timestamp":"2024-01-06 14:17:47"}
{"body":"{\"token\":\"23casajoaopradovaiumtokendeautenticacai\"}","ip":"::1","level":"info","message":"Iniciando requisição: POST /front/valida_opa","requestId":"76cb6b35-7f1c-4dcb-b890-9374755c9027","timestamp":"2024-01-06 14:18:28"}
{"duration":725,"level":"info","message":"Requisição finalizada: POST /front/valida_opa - Status Code: 200 - 725ms","requestId":"76cb6b35-7f1c-4dcb-b890-9374755c9027","statusCode":200,"timestamp":"2024-01-06 14:18:29"}
{"body":"{\"token\":\"23casajoaopradovaiumtokendeautenticacai\"}","ip":"::1","level":"info","message":"Iniciando requisição: POST /front/valida_opa","requestId":"c0108d6f-0502-488a-a03b-e4a93be3fd45","timestamp":"2024-01-06 14:18:33"}
{"duration":462,"level":"info","message":"Requisição finalizada: POST /front/valida_opa - Status Code: 200 - 462ms","requestId":"c0108d6f-0502-488a-a03b-e4a93be3fd45","statusCode":200,"timestamp":"2024-01-06 14:18:33"}
{"body":"{\"token\":\"23casajoaopradovaiumtokendeautenticacai\"}","ip":"::1","level":"info","message":"Iniciando requisição: POST /front/valida_opa","requestId":"ea99e511-50dc-4ed8-a558-c48a3679a250","timestamp":"2024-01-06 14:18:58"}
{"duration":446,"level":"info","message":"Requisição finalizada: POST /front/valida_opa - Status Code: 200 - 446ms","requestId":"ea99e511-50dc-4ed8-a558-c48a3679a250","statusCode":200,"timestamp":"2024-01-06 14:18:58"}
{"body":"{\"token\":\"23casajoaopradovaiumtokendeautenticacai\"}","ip":"::1","level":"info","message":"Iniciando requisição: POST /front/valida_opa","requestId":"852cf6ff-93f9-4d71-b532-b134192c4e8f","timestamp":"2024-01-06 14:19:06"}
{"duration":527,"level":"info","message":"Requisição finalizada: POST /front/valida_opa - Status Code: 200 - 527ms","requestId":"852cf6ff-93f9-4d71-b532-b134192c4e8f","statusCode":200,"timestamp":"2024-01-06 14:19:06"}
{"body":"{\"token\":\"23casajoaopradovaiumtokendeautenticacai\"}","ip":"::1","level":"info","message":"Iniciando requisição: POST /front/valida_opa","requestId":"c6931381-0352-42b6-8865-2c55660cdf68","timestamp":"2024-01-06 14:19:24"}
{"duration":433,"level":"info","message":"Requisição finalizada: POST /front/valida_opa - Status Code: 200 - 433ms","requestId":"c6931381-0352-42b6-8865-2c55660cdf68","statusCode":200,"timestamp":"2024-01-06 14:19:24"}
{"body":"{\"token\":\"23casajoaopradovaiumtokendeautenticacai\"}","ip":"::1","level":"info","message":"Iniciando requisição: POST /front/valida_opa","requestId":"fe0ef228-c1ae-4dbb-9076-b4e0432e441a","timestamp":"2024-01-06 14:21:12"}
{"duration":732,"level":"info","message":"Requisição finalizada: POST /front/valida_opa - Status Code: 200 - 732ms","requestId":"fe0ef228-c1ae-4dbb-9076-b4e0432e441a","statusCode":200,"timestamp":"2024-01-06 14:21:13"}
{"body":"{\"token\":\"23casajoaopradovaiumtokendeautenticacai\"}","ip":"::1","level":"info","message":"Iniciando requisição: POST /front/valida_opa","requestId":"3dcca35e-9d5d-40ca-98d6-26184bc2948a","timestamp":"2024-01-06 14:21:18"}
{"duration":703,"level":"info","message":"Requisição finalizada: POST /front/valida_opa - Status Code: 200 - 703ms","requestId":"3dcca35e-9d5d-40ca-98d6-26184bc2948a","statusCode":200,"timestamp":"2024-01-06 14:21:18"}
{"body":"{\"token\":\"23casajoaopradovaiumtokendeautenticacai\"}","ip":"::1","level":"info","message":"Iniciando requisição: POST /front/valida_opa","requestId":"64fde8d1-f2f9-44c9-90a1-82cf7a8784fa","timestamp":"2024-01-06 14:21:37"}
{"duration":481,"level":"info","message":"Requisição finalizada: POST /front/valida_opa - Status Code: 200 - 481ms","requestId":"64fde8d1-f2f9-44c9-90a1-82cf7a8784fa","statusCode":200,"timestamp":"2024-01-06 14:21:38"}
{"body":"{\"token\":\"23casajoaopradovaiumtokendeautenticacai\"}","ip":"::1","level":"info","message":"Iniciando requisição: POST /front/valida_opa","requestId":"e9491204-4c69-4b32-bf4b-8da9ff230a89","timestamp":"2024-01-06 14:21:39"}
{"duration":641,"level":"info","message":"Requisição finalizada: POST /front/valida_opa - Status Code: 200 - 641ms","requestId":"e9491204-4c69-4b32-bf4b-8da9ff230a89","statusCode":200,"timestamp":"2024-01-06 14:21:39"}
{"body":"{\"token\":\"23casajoaopradovaiumtokendeautenticacai\"}","ip":"::1","level":"info","message":"Iniciando requisição: POST /front/valida_opa","requestId":"e50b2615-96ec-492d-9d9a-9ceaec45fba2","timestamp":"2024-01-06 14:21:41"}
{"duration":502,"level":"info","message":"Requisição finalizada: POST /front/valida_opa - Status Code: 200 - 502ms","requestId":"e50b2615-96ec-492d-9d9a-9ceaec45fba2","statusCode":200,"timestamp":"2024-01-06 14:21:42"}
{"body":"{\"token\":\"23casajoaopradovaiumtokendeautenticacai\"}","ip":"::1","level":"info","message":"Iniciando requisição: POST /front/valida_opa","requestId":"b659df72-e9d1-4c2e-b608-017aed9e54e6","timestamp":"2024-01-06 14:21:53"}
{"duration":450,"level":"info","message":"Requisição finalizada: POST /front/valida_opa - Status Code: 200 - 450ms","requestId":"b659df72-e9d1-4c2e-b608-017aed9e54e6","statusCode":200,"timestamp":"2024-01-06 14:21:53"}
{"body":"{\"token\":\"23casajoaopradovaiumtokendeautenticacai\"}","ip":"::1","level":"info","message":"Iniciando requisição: POST /front/valida_opa","requestId":"f037c0f2-86db-40ac-b205-fe8f67b4f80f","timestamp":"2024-01-06 14:21:55"}
{"duration":456,"level":"info","message":"Requisição finalizada: POST /front/valida_opa - Status Code: 200 - 456ms","requestId":"f037c0f2-86db-40ac-b205-fe8f67b4f80f","statusCode":200,"timestamp":"2024-01-06 14:21:55"}
{"body":"{\"token\":\"23casajoaopradovaiumtokendeautenticacai\"}","ip":"::1","level":"info","message":"Iniciando requisição: POST /front/valida_opa","requestId":"7b4e9d87-be7c-4f8f-a01a-17d1f3b52a2c","timestamp":"2024-01-06 14:22:02"}
{"duration":502,"level":"info","message":"Requisição finalizada: POST /front/valida_opa - Status Code: 200 - 502ms","requestId":"7b4e9d87-be7c-4f8f-a01a-17d1f3b52a2c","statusCode":200,"timestamp":"2024-01-06 14:22:03"}
{"body":"{}","ip":"::1","level":"info","message":"Iniciando requisição: POST /front/statusmon","requestId":"b3749595-af1f-489c-9a30-74d29cf1d9b8","timestamp":"2024-01-06 14:22:15"}
{"duration":152,"level":"info","message":"Requisição finalizada: POST /front/statusmon - Status Code: 200 - 152ms","requestId":"b3749595-af1f-489c-9a30-74d29cf1d9b8","statusCode":200,"timestamp":"2024-01-06 14:22:16"}
{"body":"{}","ip":"::1","level":"info","message":"Iniciando requisição: POST /front/statusmon","requestId":"b8752e2a-b50d-4943-ac90-79e8c171d489","timestamp":"2024-01-06 14:22:48"}
{"duration":246,"level":"info","message":"Requisição finalizada: POST /front/statusmon - Status Code: 200 - 246ms","requestId":"b8752e2a-b50d-4943-ac90-79e8c171d489","statusCode":200,"timestamp":"2024-01-06 14:22:48"}
{"body":"{\"token\":\"23casajoaopradovaiumtokendeautenticacai\"}","ip":"::1","level":"info","message":"Iniciando requisição: POST /front/valida_opa","requestId":"5f8be1d5-37ee-4be2-8917-b39c7e5e38cb","timestamp":"2024-01-06 14:22:50"}
{"duration":584,"level":"info","message":"Requisição finalizada: POST /front/valida_opa - Status Code: 200 - 584ms","requestId":"5f8be1d5-37ee-4be2-8917-b39c7e5e38cb","statusCode":200,"timestamp":"2024-01-06 14:22:51"}
{"body":"{\"token\":\"23casajoaopradovaiumtokendeautenticacai\"}","ip":"::1","level":"info","message":"Iniciando requisição: POST /front/valida_opa","requestId":"6b1e46ab-f7b8-4b2e-8603-300561db68d2","timestamp":"2024-01-06 14:22:55"}
{"duration":504,"level":"info","message":"Requisição finalizada: POST /front/valida_opa - Status Code: 200 - 504ms","requestId":"6b1e46ab-f7b8-4b2e-8603-300561db68d2","statusCode":200,"timestamp":"2024-01-06 14:22:56"}
{"body":"{}","ip":"::1","level":"info","message":"Iniciando requisição: GET /python-processes","requestId":"1186c190-b189-49e6-b881-f8b63cac8289","timestamp":"2024-01-06 14:22:56"}
{"duration":1236,"level":"info","message":"Requisição finalizada: GET /python-processes - Status Code: 304 - 1236ms","requestId":"1186c190-b189-49e6-b881-f8b63cac8289","statusCode":304,"timestamp":"2024-01-06 14:22:57"}
{"body":"{\"token\":\"23casajoaopradovaiumtokendeautenticacai\",\"path\":\"/page/admin.html\"}","ip":"::1","level":"info","message":"Iniciando requisição: POST /front/valida_opa","requestId":"6536a9f0-da97-47fc-b166-026a53b42951","timestamp":"2024-01-06 14:25:06"}
{"duration":627,"level":"info","message":"Requisição finalizada: POST /front/valida_opa - Status Code: 200 - 627ms","requestId":"6536a9f0-da97-47fc-b166-026a53b42951","statusCode":200,"timestamp":"2024-01-06 14:25:06"}
{"body":"{\"token\":\"23casajoaopradovaiumtokendeautenticacai\",\"path\":\"/page/admin.html\"}","ip":"::1","level":"info","message":"Iniciando requisição: POST /front/valida_opa","requestId":"32ecebf1-c032-4046-94b2-46aa73e379c7","timestamp":"2024-01-06 14:25:07"}
{"duration":528,"level":"info","message":"Requisição finalizada: POST /front/valida_opa - Status Code: 200 - 528ms","requestId":"32ecebf1-c032-4046-94b2-46aa73e379c7","statusCode":200,"timestamp":"2024-01-06 14:25:08"}
{"body":"{\"token\":\"23casajoaopradovaiumtokendeautenticacai\",\"path\":\"/page/admin.html\"}","ip":"::1","level":"info","message":"Iniciando requisição: POST /front/valida_opa","requestId":"ba513548-fb07-4886-a1da-759e045e2cac","timestamp":"2024-01-06 14:25:42"}
{"duration":483,"level":"info","message":"Requisição finalizada: POST /front/valida_opa - Status Code: 200 - 483ms","requestId":"ba513548-fb07-4886-a1da-759e045e2cac","statusCode":200,"timestamp":"2024-01-06 14:25:43"}
{"body":"{}","ip":"::1","level":"info","message":"Iniciando requisição: GET /front/monitores_ativos","requestId":"3ead8173-7bbc-4d2d-9db2-9b4dd80c3a3c","timestamp":"2024-01-06 14:41:08"}
{"duration":3,"level":"info","message":"Requisição finalizada: GET /front/monitores_ativos - Status Code: 404 - 3ms","requestId":"3ead8173-7bbc-4d2d-9db2-9b4dd80c3a3c","statusCode":404,"timestamp":"2024-01-06 14:41:08"}
{"body":"{}","ip":"::1","level":"info","message":"Iniciando requisição: GET /front/monitores_ativos","requestId":"473076b4-a5b9-4fa7-bffe-9afd87296385","timestamp":"2024-01-06 14:41:20"}
{"duration":1,"level":"info","message":"Requisição finalizada: GET /front/monitores_ativos - Status Code: 404 - 1ms","requestId":"473076b4-a5b9-4fa7-bffe-9afd87296385","statusCode":404,"timestamp":"2024-01-06 14:41:20"}
{"body":"{}","ip":"::1","level":"info","message":"Iniciando requisição: GET /front/monitores_ativos","requestId":"7e4bb23e-eb50-4198-9020-9086c4292ff1","timestamp":"2024-01-06 14:41:20"}
{"duration":2,"level":"info","message":"Requisição finalizada: GET /front/monitores_ativos - Status Code: 404 - 2ms","requestId":"7e4bb23e-eb50-4198-9020-9086c4292ff1","statusCode":404,"timestamp":"2024-01-06 14:41:20"}
{"body":"{}","ip":"::1","level":"info","message":"Iniciando requisição: GET /front/monitores_ativos","requestId":"5361860c-1692-499b-ac88-860ba60d1017","timestamp":"2024-01-06 14:42:20"}
{"duration":1,"level":"info","message":"Requisição finalizada: GET /front/monitores_ativos - Status Code: 404 - 1ms","requestId":"5361860c-1692-499b-ac88-860ba60d1017","statusCode":404,"timestamp":"2024-01-06 14:42:20"}
{"body":"{}","ip":"::1","level":"info","message":"Iniciando requisição: GET /front/monitores_ativos","requestId":"effd05fc-20a9-481e-8d88-4e0f1812ebc2","timestamp":"2024-01-06 14:42:20"}
{"duration":2,"level":"info","message":"Requisição finalizada: GET /front/monitores_ativos - Status Code: 404 - 2ms","requestId":"effd05fc-20a9-481e-8d88-4e0f1812ebc2","statusCode":404,"timestamp":"2024-01-06 14:42:20"}
{"body":"{}","ip":"::1","level":"info","message":"Iniciando requisição: POST /front/monitores_ativos","requestId":"13713067-2102-4046-8661-7aefa728996a","timestamp":"2024-01-06 14:42:26"}
{"duration":2,"level":"info","message":"Requisição finalizada: POST /front/monitores_ativos - Status Code: 404 - 2ms","requestId":"13713067-2102-4046-8661-7aefa728996a","statusCode":404,"timestamp":"2024-01-06 14:42:26"}
{"body":"{}","ip":"::1","level":"info","message":"Iniciando requisição: POST /front/monitores_ativos","requestId":"facdee38-9439-43d6-ae37-958f1ec50df6","timestamp":"2024-01-06 14:43:09"}
{"duration":2,"level":"info","message":"Requisição finalizada: POST /front/monitores_ativos - Status Code: 404 - 2ms","requestId":"facdee38-9439-43d6-ae37-958f1ec50df6","statusCode":404,"timestamp":"2024-01-06 14:43:09"}
{"body":"{}","ip":"::1","level":"info","message":"Iniciando requisição: POST /front/monitores_ativos","requestId":"c4037908-f208-4da8-97b8-8853c0077988","timestamp":"2024-01-06 14:43:10"}
{"duration":2,"level":"info","message":"Requisição finalizada: POST /front/monitores_ativos - Status Code: 404 - 2ms","requestId":"c4037908-f208-4da8-97b8-8853c0077988","statusCode":404,"timestamp":"2024-01-06 14:43:10"}
{"body":"{}","ip":"::1","level":"info","message":"Iniciando requisição: POST /front/monitores_ativos","requestId":"b11726d7-ad3c-4a40-9db0-16da65e8d839","timestamp":"2024-01-06 14:43:35"}
{"duration":496,"level":"info","message":"Requisição finalizada: POST /front/monitores_ativos - Status Code: 200 - 496ms","requestId":"b11726d7-ad3c-4a40-9db0-16da65e8d839","statusCode":200,"timestamp":"2024-01-06 14:43:36"}
{"body":"{}","ip":"::1","level":"info","message":"Iniciando requisição: GET /front/monitores_ativos","requestId":"7505a2e6-6c3a-4ca2-9d23-63a30dbfa7e9","timestamp":"2024-01-06 14:48:40"}
{"duration":3,"level":"info","message":"Requisição finalizada: GET /front/monitores_ativos - Status Code: 404 - 3ms","requestId":"7505a2e6-6c3a-4ca2-9d23-63a30dbfa7e9","statusCode":404,"timestamp":"2024-01-06 14:48:40"}
{"body":"{}","ip":"::1","level":"info","message":"Iniciando requisição: POST /front/monitores_ativos","requestId":"ccb8ccd4-4344-4d21-8b28-7df290675866","timestamp":"2024-01-06 14:50:15"}
{"duration":304,"level":"info","message":"Requisição finalizada: POST /front/monitores_ativos - Status Code: 200 - 304ms","requestId":"ccb8ccd4-4344-4d21-8b28-7df290675866","statusCode":200,"timestamp":"2024-01-06 14:50:15"}
{"body":"{}","ip":"::1","level":"info","message":"Iniciando requisição: POST /front/monitores_ativos","requestId":"d45c0747-e01a-4c3d-8972-c542b819bd20","timestamp":"2024-01-06 14:52:44"}
{"duration":316,"level":"info","message":"Requisição finalizada: POST /front/monitores_ativos - Status Code: 200 - 316ms","requestId":"d45c0747-e01a-4c3d-8972-c542b819bd20","statusCode":200,"timestamp":"2024-01-06 14:52:45"}
{"body":"{}","ip":"::1","level":"info","message":"Iniciando requisição: POST /front/monitores_ativos","requestId":"134d0e1c-c845-4e45-bef0-a00ae4a3271a","timestamp":"2024-01-06 14:55:07"}
{"duration":161,"level":"info","message":"Requisição finalizada: POST /front/monitores_ativos - Status Code: 200 - 161ms","requestId":"134d0e1c-c845-4e45-bef0-a00ae4a3271a","statusCode":200,"timestamp":"2024-01-06 14:55:08"}
{"body":"{}","ip":"::1","level":"info","message":"Iniciando requisição: POST /front/monitores_ativos","requestId":"848a8002-fe03-4111-8b1d-873549fe9453","timestamp":"2024-01-06 14:56:41"}
{"duration":152,"level":"info","message":"Requisição finalizada: POST /front/monitores_ativos - Status Code: 200 - 152ms","requestId":"848a8002-fe03-4111-8b1d-873549fe9453","statusCode":200,"timestamp":"2024-01-06 14:56:41"}
{"body":"{}","ip":"::1","level":"info","message":"Iniciando requisição: POST /front/monitores_ativos","requestId":"c6ed17bb-14be-4ae8-93ba-1502ed3ec1e4","timestamp":"2024-01-06 14:56:46"}
{"duration":167,"level":"info","message":"Requisição finalizada: POST /front/monitores_ativos - Status Code: 200 - 167ms","requestId":"c6ed17bb-14be-4ae8-93ba-1502ed3ec1e4","statusCode":200,"timestamp":"2024-01-06 14:56:46"}
{"body":"{}","ip":"::1","level":"info","message":"Iniciando requisição: POST /front/monitores_ativos","requestId":"9c097f75-e61d-49da-94b0-5c3e9cfb3149","timestamp":"2024-01-06 14:56:49"}
{"duration":146,"level":"info","message":"Requisição finalizada: POST /front/monitores_ativos - Status Code: 200 - 146ms","requestId":"9c097f75-e61d-49da-94b0-5c3e9cfb3149","statusCode":200,"timestamp":"2024-01-06 14:56:50"}
{"body":"{}","ip":"::1","level":"info","message":"Iniciando requisição: POST /front/monitores_ativos","requestId":"70351f31-ffa6-464d-a212-aa1eb517cf52","timestamp":"2024-01-06 14:56:52"}
{"duration":148,"level":"info","message":"Requisição finalizada: POST /front/monitores_ativos - Status Code: 200 - 148ms","requestId":"70351f31-ffa6-464d-a212-aa1eb517cf52","statusCode":200,"timestamp":"2024-01-06 14:56:52"}
{"body":"{}","ip":"::1","level":"info","message":"Iniciando requisição: POST /front/monitores_ativos","requestId":"2498334c-0fff-43cd-9c03-34b510098fb7","timestamp":"2024-01-06 14:56:53"}
{"duration":146,"level":"info","message":"Requisição finalizada: POST /front/monitores_ativos - Status Code: 200 - 146ms","requestId":"2498334c-0fff-43cd-9c03-34b510098fb7","statusCode":200,"timestamp":"2024-01-06 14:56:53"}
{"body":"{}","ip":"::1","level":"info","message":"Iniciando requisição: POST /front/monitores_ativos","requestId":"dfc89bee-1e90-4511-9260-4d9171efb062","timestamp":"2024-01-06 14:58:31"}
{"duration":159,"level":"info","message":"Requisição finalizada: POST /front/monitores_ativos - Status Code: 200 - 159ms","requestId":"dfc89bee-1e90-4511-9260-4d9171efb062","statusCode":200,"timestamp":"2024-01-06 14:58:31"}
{"body":"{}","ip":"::1","level":"info","message":"Iniciando requisição: POST /front/monitores_ativos","requestId":"31bc5cbc-289d-482d-8287-a393a6d8abe4","timestamp":"2024-01-06 15:00:32"}
{"duration":161,"level":"info","message":"Requisição finalizada: POST /front/monitores_ativos - Status Code: 200 - 161ms","requestId":"31bc5cbc-289d-482d-8287-a393a6d8abe4","statusCode":200,"timestamp":"2024-01-06 15:00:32"}
{"body":"{}","ip":"::1","level":"info","message":"Iniciando requisição: POST /front/monitores_ativos","requestId":"f4a693fd-dc80-4028-b5d2-363e4024debf","timestamp":"2024-01-06 15:03:43"}
{"duration":153,"level":"info","message":"Requisição finalizada: POST /front/monitores_ativos - Status Code: 200 - 153ms","requestId":"f4a693fd-dc80-4028-b5d2-363e4024debf","statusCode":200,"timestamp":"2024-01-06 15:03:43"}
{"body":"{}","ip":"::1","level":"info","message":"Iniciando requisição: POST /front/monitores_ativos","requestId":"6cdd16d8-0738-4c3f-afef-4b109ab11bab","timestamp":"2024-01-06 15:04:05"}
{"duration":147,"level":"info","message":"Requisição finalizada: POST /front/monitores_ativos - Status Code: 200 - 147ms","requestId":"6cdd16d8-0738-4c3f-afef-4b109ab11bab","statusCode":200,"timestamp":"2024-01-06 15:04:05"}
{"body":"{}","ip":"::1","level":"info","message":"Iniciando requisição: POST /front/monitores_ativos","requestId":"c6af367a-2a6f-4a0d-b9de-86e504700ce3","timestamp":"2024-01-06 15:05:33"}
{"duration":173,"level":"info","message":"Requisição finalizada: POST /front/monitores_ativos - Status Code: 200 - 173ms","requestId":"c6af367a-2a6f-4a0d-b9de-86e504700ce3","statusCode":200,"timestamp":"2024-01-06 15:05:33"}
{"body":"{}","ip":"::1","level":"info","message":"Iniciando requisição: POST /front/monitores_ativos","requestId":"c780df42-7cec-4f02-8705-b276d23437a0","timestamp":"2024-01-06 15:06:38"}
{"duration":198,"level":"info","message":"Requisição finalizada: POST /front/monitores_ativos - Status Code: 200 - 198ms","requestId":"c780df42-7cec-4f02-8705-b276d23437a0","statusCode":200,"timestamp":"2024-01-06 15:06:38"}
{"body":"{}","ip":"::1","level":"info","message":"Iniciando requisição: POST /front/monitores_ativos","requestId":"3b16f3c5-5ac6-455f-a99c-aa4616c8ebd7","timestamp":"2024-01-06 15:10:55"}
{"duration":167,"level":"info","message":"Requisição finalizada: POST /front/monitores_ativos - Status Code: 200 - 167ms","requestId":"3b16f3c5-5ac6-455f-a99c-aa4616c8ebd7","statusCode":200,"timestamp":"2024-01-06 15:10:55"}
{"body":"{}","ip":"::1","level":"info","message":"Iniciando requisição: POST /front/monitores_ativos","requestId":"07eba337-cc43-4c9d-be45-064814313dd9","timestamp":"2024-01-06 15:11:15"}
{"duration":161,"level":"info","message":"Requisição finalizada: POST /front/monitores_ativos - Status Code: 200 - 161ms","requestId":"07eba337-cc43-4c9d-be45-064814313dd9","statusCode":200,"timestamp":"2024-01-06 15:11:15"}
{"body":"{}","ip":"::1","level":"info","message":"Iniciando requisição: POST /front/monitores_ativos","requestId":"73ed3dfb-c483-4901-ab07-3b007354689d","timestamp":"2024-01-06 15:13:22"}
{"duration":264,"level":"info","message":"Requisição finalizada: POST /front/monitores_ativos - Status Code: 200 - 264ms","requestId":"73ed3dfb-c483-4901-ab07-3b007354689d","statusCode":200,"timestamp":"2024-01-06 15:13:22"}
{"body":"{}","ip":"::1","level":"info","message":"Iniciando requisição: POST /front/monitores_ativos","requestId":"8e8f6555-1c95-451c-8a7b-ff7e82ddf4a1","timestamp":"2024-01-06 15:13:47"}
{"duration":483,"level":"info","message":"Requisição finalizada: POST /front/monitores_ativos - Status Code: 200 - 483ms","requestId":"8e8f6555-1c95-451c-8a7b-ff7e82ddf4a1","statusCode":200,"timestamp":"2024-01-06 15:13:48"}
{"body":"{}","ip":"::1","level":"info","message":"Iniciando requisição: POST /front/monitores_ativos","requestId":"8f780dd9-f3f2-4efb-99bc-d070af1f6e9f","timestamp":"2024-01-06 15:14:31"}
{"duration":412,"level":"info","message":"Requisição finalizada: POST /front/monitores_ativos - Status Code: 200 - 412ms","requestId":"8f780dd9-f3f2-4efb-99bc-d070af1f6e9f","statusCode":200,"timestamp":"2024-01-06 15:14:31"}
{"body":"{}","ip":"::1","level":"info","message":"Iniciando requisição: POST /front/monitores_ativos","requestId":"d84e48cc-8c40-4baa-b275-914a351c292e","timestamp":"2024-01-06 15:15:55"}
{"duration":325,"level":"info","message":"Requisição finalizada: POST /front/monitores_ativos - Status Code: 200 - 325ms","requestId":"d84e48cc-8c40-4baa-b275-914a351c292e","statusCode":200,"timestamp":"2024-01-06 15:15:56"}
{"body":"{}","ip":"::1","level":"info","message":"Iniciando requisição: POST /front/monitores_ativos","requestId":"a788b129-6b58-4b53-b4cf-3017244afeef","timestamp":"2024-01-06 15:16:49"}
{"duration":318,"level":"info","message":"Requisição finalizada: POST /front/monitores_ativos - Status Code: 200 - 318ms","requestId":"a788b129-6b58-4b53-b4cf-3017244afeef","statusCode":200,"timestamp":"2024-01-06 15:16:49"}
{"body":"{}","ip":"::1","level":"info","message":"Iniciando requisição: POST /front/monitores_ativos","requestId":"a7ed7610-bf87-4709-a475-c091e473cece","timestamp":"2024-01-06 15:17:08"}
{"duration":290,"level":"info","message":"Requisição finalizada: POST /front/monitores_ativos - Status Code: 200 - 290ms","requestId":"a7ed7610-bf87-4709-a475-c091e473cece","statusCode":200,"timestamp":"2024-01-06 15:17:08"}
{"body":"{}","ip":"::1","level":"info","message":"Iniciando requisição: POST /front/monitores_ativos","requestId":"e0109b0f-caad-42b4-bd3a-7ce90a02748f","timestamp":"2024-01-06 15:17:44"}
{"duration":154,"level":"info","message":"Requisição finalizada: POST /front/monitores_ativos - Status Code: 200 - 154ms","requestId":"e0109b0f-caad-42b4-bd3a-7ce90a02748f","statusCode":200,"timestamp":"2024-01-06 15:17:44"}
{"body":"{}","ip":"::1","level":"info","message":"Iniciando requisição: POST /front/monitores_ativos","requestId":"0b494f2d-7dec-42b2-9bbc-ea4b5dff1f03","timestamp":"2024-01-06 15:22:37"}
{"duration":219,"level":"info","message":"Requisição finalizada: POST /front/monitores_ativos - Status Code: 200 - 219ms","requestId":"0b494f2d-7dec-42b2-9bbc-ea4b5dff1f03","statusCode":200,"timestamp":"2024-01-06 15:22:37"}
{"body":"{}","ip":"::1","level":"info","message":"Iniciando requisição: POST /front/monitores_ativos","requestId":"084927cc-7987-4172-81d8-aa07f418f2f0","timestamp":"2024-01-06 15:22:58"}
{"duration":185,"level":"info","message":"Requisição finalizada: POST /front/monitores_ativos - Status Code: 200 - 185ms","requestId":"084927cc-7987-4172-81d8-aa07f418f2f0","statusCode":200,"timestamp":"2024-01-06 15:22:59"}
{"body":"{}","ip":"::1","level":"info","message":"Iniciando requisição: POST /front/monitores_ativos","requestId":"15d87260-dd5b-4eb1-9535-710cb0e597fc","timestamp":"2024-01-06 15:23:12"}
{"duration":208,"level":"info","message":"Requisição finalizada: POST /front/monitores_ativos - Status Code: 200 - 208ms","requestId":"15d87260-dd5b-4eb1-9535-710cb0e597fc","statusCode":200,"timestamp":"2024-01-06 15:23:12"}
{"body":"{}","ip":"::1","level":"info","message":"Iniciando requisição: POST /front/monitores_ativos","requestId":"02223cce-44b6-4139-9b93-36d671f4e99e","timestamp":"2024-01-06 15:23:31"}
{"duration":151,"level":"info","message":"Requisição finalizada: POST /front/monitores_ativos - Status Code: 200 - 151ms","requestId":"02223cce-44b6-4139-9b93-36d671f4e99e","statusCode":200,"timestamp":"2024-01-06 15:23:31"}
{"body":"{}","ip":"::1","level":"info","message":"Iniciando requisição: POST /front/monitores_ativos","requestId":"0ce8cdea-3cd0-44f4-a8f9-ec92516fd0a7","timestamp":"2024-01-06 15:24:16"}
{"duration":161,"level":"info","message":"Requisição finalizada: POST /front/monitores_ativos - Status Code: 200 - 161ms","requestId":"0ce8cdea-3cd0-44f4-a8f9-ec92516fd0a7","statusCode":200,"timestamp":"2024-01-06 15:24:16"}
{"body":"{}","ip":"::1","level":"info","message":"Iniciando requisição: POST /front/monitores_ativos","requestId":"a8cac0e8-52d9-471f-9c74-91a6044defb7","timestamp":"2024-01-06 15:24:57"}
{"duration":176,"level":"info","message":"Requisição finalizada: POST /front/monitores_ativos - Status Code: 200 - 176ms","requestId":"a8cac0e8-52d9-471f-9c74-91a6044defb7","statusCode":200,"timestamp":"2024-01-06 15:24:57"}
{"body":"{}","ip":"::1","level":"info","message":"Iniciando requisição: POST /front/monitores_ativos","requestId":"282e22c6-0283-4184-8772-cd17fce834db","timestamp":"2024-01-06 15:26:18"}
{"duration":611,"level":"info","message":"Requisição finalizada: POST /front/monitores_ativos - Status Code: 200 - 611ms","requestId":"282e22c6-0283-4184-8772-cd17fce834db","statusCode":200,"timestamp":"2024-01-06 15:26:19"}
{"body":"{}","ip":"::1","level":"info","message":"Iniciando requisição: POST /front/monitores_ativos","requestId":"5c2f1120-c2b6-43ca-a846-ca9d4f3ccc95","timestamp":"2024-01-06 15:26:58"}
{"duration":828,"level":"info","message":"Requisição finalizada: POST /front/monitores_ativos - Status Code: 200 - 828ms","requestId":"5c2f1120-c2b6-43ca-a846-ca9d4f3ccc95","statusCode":200,"timestamp":"2024-01-06 15:26:59"}
{"body":"{}","ip":"::1","level":"info","message":"Iniciando requisição: POST /front/monitores_ativos","requestId":"921128d7-f078-4b4c-83e9-2a7671d9e465","timestamp":"2024-01-06 15:27:17"}
{"duration":536,"level":"info","message":"Requisição finalizada: POST /front/monitores_ativos - Status Code: 200 - 536ms","requestId":"921128d7-f078-4b4c-83e9-2a7671d9e465","statusCode":200,"timestamp":"2024-01-06 15:27:18"}
{"body":"{}","ip":"::1","level":"info","message":"Iniciando requisição: POST /front/monitores_ativos","requestId":"41f87434-b801-4e6f-a6ce-8a4c41bbe103","timestamp":"2024-01-06 15:27:42"}
{"duration":238,"level":"info","message":"Requisição finalizada: POST /front/monitores_ativos - Status Code: 200 - 238ms","requestId":"41f87434-b801-4e6f-a6ce-8a4c41bbe103","statusCode":200,"timestamp":"2024-01-06 15:27:42"}
{"body":"{}","ip":"::1","level":"info","message":"Iniciando requisição: POST /front/monitores_ativos","requestId":"1593030a-bee6-470b-bdc4-a1746e9c7a69","timestamp":"2024-01-06 15:27:51"}
{"duration":186,"level":"info","message":"Requisição finalizada: POST /front/monitores_ativos - Status Code: 200 - 186ms","requestId":"1593030a-bee6-470b-bdc4-a1746e9c7a69","statusCode":200,"timestamp":"2024-01-06 15:27:51"}
{"body":"{}","ip":"::1","level":"info","message":"Iniciando requisição: POST /front/monitores_ativos","requestId":"e97ad1ea-8ead-4c61-b0cd-7058134318c1","timestamp":"2024-01-06 15:28:02"}
{"duration":183,"level":"info","message":"Requisição finalizada: POST /front/monitores_ativos - Status Code: 200 - 183ms","requestId":"e97ad1ea-8ead-4c61-b0cd-7058134318c1","statusCode":200,"timestamp":"2024-01-06 15:28:03"}
{"body":"{}","ip":"::1","level":"info","message":"Iniciando requisição: POST /front/monitores_ativos","requestId":"04739edc-41a0-4b0d-a4a6-5ce2e63e69ea","timestamp":"2024-01-06 15:29:01"}
{"duration":253,"level":"info","message":"Requisição finalizada: POST /front/monitores_ativos - Status Code: 200 - 253ms","requestId":"04739edc-41a0-4b0d-a4a6-5ce2e63e69ea","statusCode":200,"timestamp":"2024-01-06 15:29:01"}
{"body":"{\"token\":\"23casajoaopradovaiumtokendeautenticacai\",\"path\":\"/page/admin.html\"}","ip":"::1","level":"info","message":"Iniciando requisição: POST /front/valida_opa","requestId":"1dc9e1eb-06ad-445e-abc0-20d45be7b8db","timestamp":"2024-01-06 15:30:50"}
{"duration":594,"level":"info","message":"Requisição finalizada: POST /front/valida_opa - Status Code: 200 - 594ms","requestId":"1dc9e1eb-06ad-445e-abc0-20d45be7b8db","statusCode":200,"timestamp":"2024-01-06 15:30:50"}
{"body":"{\"token\":\"23casajoaopradovaiumtokendeautenticacai\",\"path\":\"/page/admin.html\"}","ip":"::1","level":"info","message":"Iniciando requisição: POST /front/valida_opa","requestId":"baf36a5a-27cb-4382-9c3e-63723a70bf51","timestamp":"2024-01-06 15:31:14"}
{"duration":633,"level":"info","message":"Requisição finalizada: POST /front/valida_opa - Status Code: 200 - 633ms","requestId":"baf36a5a-27cb-4382-9c3e-63723a70bf51","statusCode":200,"timestamp":"2024-01-06 15:31:14"}
{"body":"{}","ip":"::1","level":"info","message":"Iniciando requisição: POST /front/monitores_ativos","requestId":"d2d9f2fc-edf3-488c-9d2e-eac18698ac90","timestamp":"2024-01-06 15:31:18"}
{"duration":177,"level":"info","message":"Requisição finalizada: POST /front/monitores_ativos - Status Code: 200 - 177ms","requestId":"d2d9f2fc-edf3-488c-9d2e-eac18698ac90","statusCode":200,"timestamp":"2024-01-06 15:31:18"}
{"body":"{}","ip":"::1","level":"info","message":"Iniciando requisição: POST /front/monitores_ativos","requestId":"9118b01a-93ab-4014-91e8-c39c86fa0a7e","timestamp":"2024-01-06 15:32:46"}
{"duration":182,"level":"info","message":"Requisição finalizada: POST /front/monitores_ativos - Status Code: 200 - 182ms","requestId":"9118b01a-93ab-4014-91e8-c39c86fa0a7e","statusCode":200,"timestamp":"2024-01-06 15:32:46"}
